2025-03-28 17:13:32.061074 - Received CBT.V508.FILE056.PDS from FILE056.XMI 
2025-03-28 17:13:32.062758 - Found $$$#DATE.txt (text/plain) in CBT.V508.FILE056.PDS, moved to PDS/$$$#DATE
2025-03-28 17:13:32.063864 - Found @FILE056.txt (text/plain) in CBT.V508.FILE056.PDS, moved to PDS/@FILE056
2025-03-28 17:13:32.064697 - Found SLSSCOMP.txt (text/plain) in CBT.V508.FILE056.PDS, moved to PDS/SLSSCOMP
2025-03-28 17:13:32.065812 - Found SLSSLOCS.txt (text/plain) in CBT.V508.FILE056.PDS, moved to PDS/SLSSLOCS
2025-03-28 17:13:32.067523 - Found SLSSPRNT.txt (text/plain) in CBT.V508.FILE056.PDS, moved to PDS/SLSSPRNT
2025-03-28 17:13:32.068674 - Found SLSSPRT1.txt (text/plain) in CBT.V508.FILE056.PDS, moved to PDS/SLSSPRT1
2025-03-28 17:13:32.069294 - Found SLSSXICS.txt (text/plain) in CBT.V508.FILE056.PDS, moved to PDS/SLSSXICS
2025-03-28 17:13:32.069865 - Found USRADD$.jcl (text/plain) in CBT.V508.FILE056.PDS, moved to PDS/USRADD$
2025-03-28 17:13:32.070918 - Found USRADD1.jcl (text/plain) in CBT.V508.FILE056.PDS, moved to PDS/USRADD1
2025-03-28 17:13:32.072306 - Found USRADD2.jcl (text/plain) in CBT.V508.FILE056.PDS, moved to PDS/USRADD2
2025-03-28 17:13:32.073605 - Found USRADD3.jcl (text/plain) in CBT.V508.FILE056.PDS, moved to PDS/USRADD3
2025-03-28 17:13:32.074818 - Found USRADD4.jcl (text/plain) in CBT.V508.FILE056.PDS, moved to PDS/USRADD4
2025-03-28 17:13:32.075998 - Found USRADD5.jcl (text/plain) in CBT.V508.FILE056.PDS, moved to PDS/USRADD5
2025-03-28 17:13:32.076526 - Found USRADD6.jcl (text/plain) in CBT.V508.FILE056.PDS, moved to PDS/USRADD6
2025-03-28 17:13:32.077536 - Found USRADD7.jcl (text/plain) in CBT.V508.FILE056.PDS, moved to PDS/USRADD7
2025-03-28 17:13:32.084367 - Found USRADD8.jcl (text/plain) in CBT.V508.FILE056.PDS, moved to PDS/USRADD8
2025-03-28 17:13:32.084998 - Found USRDEL$.jcl (text/plain) in CBT.V508.FILE056.PDS, moved to PDS/USRDEL$
2025-03-28 17:13:32.085483 - Found USRDEL1.jcl (text/plain) in CBT.V508.FILE056.PDS, moved to PDS/USRDEL1
2025-03-28 17:13:32.088607 - Found USRDEL2.jcl (text/plain) in CBT.V508.FILE056.PDS, moved to PDS/USRDEL2
2025-03-28 17:13:32.089826 - Found USRDEL3.jcl (text/plain) in CBT.V508.FILE056.PDS, moved to PDS/USRDEL3
2025-03-28 17:13:32.091155 - Found USRDEL4.jcl (text/plain) in CBT.V508.FILE056.PDS, moved to PDS/USRDEL4
2025-03-28 17:13:32.092643 - Found USRDEL5.jcl (text/plain) in CBT.V508.FILE056.PDS, moved to PDS/USRDEL5
2025-03-28 17:13:32.093287 - Found USRDEL6.jcl (text/plain) in CBT.V508.FILE056.PDS, moved to PDS/USRDEL6
2025-03-28 17:13:32.094685 - Found USRDEL7.jcl (text/plain) in CBT.V508.FILE056.PDS, moved to PDS/USRDEL7
2025-03-28 17:13:32.096127 - Found USRDEL8.jcl (text/plain) in CBT.V508.FILE056.PDS, moved to PDS/USRDEL8
2025-03-28 17:13:32.096890 - Found USRUPD$.jcl (text/plain) in CBT.V508.FILE056.PDS, moved to PDS/USRUPD$
2025-03-28 17:13:32.097442 - Found USRUPD1.jcl (text/plain) in CBT.V508.FILE056.PDS, moved to PDS/USRUPD1
2025-03-28 17:13:32.098130 - Found USRUPD2.jcl (text/plain) in CBT.V508.FILE056.PDS, moved to PDS/USRUPD2
2025-03-28 17:13:32.098680 - Found USRUPD3.jcl (text/plain) in CBT.V508.FILE056.PDS, moved to PDS/USRUPD3
2025-03-28 17:13:32.099546 - Found USRUPD4.jcl (text/plain) in CBT.V508.FILE056.PDS, moved to PDS/USRUPD4
2025-03-28 17:13:32.100185 - Found USRUPD5.jcl (text/plain) in CBT.V508.FILE056.PDS, moved to PDS/USRUPD5
2025-03-28 17:13:32.100780 - Found USRUPD6.jcl (text/plain) in CBT.V508.FILE056.PDS, moved to PDS/USRUPD6
2025-03-28 17:13:32.101636 - Found USRUPD7.jcl (text/plain) in CBT.V508.FILE056.PDS, moved to PDS/USRUPD7
2025-03-28 17:13:32.102316 - Found USRUPD8.jcl (text/plain) in CBT.V508.FILE056.PDS, moved to PDS/USRUPD8
